Copyright 1986-2015 Xilinx, Inc. All Rights Reserved.
-------------------------------------------------------------------------------------------------
| Tool Version      : Vivado v.2015.4 (win64) Build 1412921 Wed Nov 18 09:43:45 MST 2015
| Date              : Sun Oct 30 00:33:56 2016
| Host              : MS-20161011EDBK running 64-bit Service Pack 1  (build 7601)
| Command           : report_clock_utilization -file OV7670_VGA_TOP_clock_utilization_routed.rpt
| Design            : OV7670_VGA_TOP
| Device            : 7z020-clg484
| Speed File        : -1  PRODUCTION 1.11 2014-09-11
| Temperature Grade : C
-------------------------------------------------------------------------------------------------

Clock Utilization Report

Table of Contents
-----------------
1. Clock Primitive Utilization
2. Details of Global Clocks
3. Details of Regional Clocks
4. Details of Multi-Regional Clocks
5. Details of I/O Clocks
6. Details of Local Clocks
7. Clock Regions : Key Resource Utilization
8. Net wise resources used in clock region X0Y0
9. Net wise resources used in clock region X1Y0
10. Net wise resources used in clock region X0Y1
11. Net wise resources used in clock region X1Y1
12. Net wise resources used in clock region X1Y2

1. Clock Primitive Utilization
------------------------------

+-------+------+-----------+-----------+
| Type  | Used | Available | Num Fixed |
+-------+------+-----------+-----------+
| BUFG  |    3 |        32 |         0 |
| BUFH  |    0 |        72 |         0 |
| BUFIO |    0 |        16 |         0 |
| MMCM  |    0 |         4 |         0 |
| PLL   |    1 |         4 |         0 |
| BUFR  |    0 |        16 |         0 |
| BUFMR |    0 |         8 |         0 |
+-------+------+-----------+-----------+


2. Details of Global Clocks
---------------------------

+-------+----------------------------------------------+---------------------------------------------------------------+--------------+-------+
|       |                                              |                                                               |   Num Loads  |       |
+-------+----------------------------------------------+---------------------------------------------------------------+------+-------+-------+
| Index | BUFG Cell                                    | Net Name                                                      | BELs | Sites | Fixed |
+-------+----------------------------------------------+---------------------------------------------------------------+------+-------+-------+
|     1 | CLK/CLK_CVT/CLK_i/clk_wiz_0/inst/clkf_buf    | CLK/CLK_CVT/CLK_i/clk_wiz_0/inst/clkfbout_buf_CLK_clk_wiz_0_0 |    1 |     1 |    no |
|     2 | OV7670_PCLK_IBUF_BUFG_inst                   | OV7670_PCLK_IBUF_BUFG                                         |   41 |    25 |    no |
|     3 | CLK/CLK_CVT/CLK_i/clk_wiz_0/inst/clkout1_buf | CLK/CLK_CVT/CLK_i/clk_wiz_0/inst/clk_out1                     |  326 |   282 |    no |
+-------+----------------------------------------------+---------------------------------------------------------------+------+-------+-------+


+-------+-------------------------------------------------+-----------------------------------------------------------+--------------+-------+
|       |                                                 |                                                           |   Num Loads  |       |
+-------+-------------------------------------------------+-----------------------------------------------------------+------+-------+-------+
| Index | PLL Cell                                        | Net Name                                                  | BELs | Sites | Fixed |
+-------+-------------------------------------------------+-----------------------------------------------------------+------+-------+-------+
|     1 | CLK/CLK_CVT/CLK_i/clk_wiz_0/inst/plle2_adv_inst | CLK/CLK_CVT/CLK_i/clk_wiz_0/inst/clk_out1_CLK_clk_wiz_0_0 |    1 |     1 |    no |
|     2 | CLK/CLK_CVT/CLK_i/clk_wiz_0/inst/plle2_adv_inst | CLK/CLK_CVT/CLK_i/clk_wiz_0/inst/clkfbout_CLK_clk_wiz_0_0 |    1 |     1 |    no |
+-------+-------------------------------------------------+-----------------------------------------------------------+------+-------+-------+


3. Details of Regional Clocks
-----------------------------

4. Details of Multi-Regional Clocks
-----------------------------------

5. Details of I/O Clocks
------------------------

6. Details of Local Clocks
--------------------------

+-------+-----------------------------------------------+----------------------------------------------------------+--------------+-------+
|       |                                               |                                                          |   Num Loads  |       |
+-------+-----------------------------------------------+----------------------------------------------------------+------+-------+-------+
| Index | Local Clk Src                                 | Net Name                                                 | BELs | Sites | Fixed |
+-------+-----------------------------------------------+----------------------------------------------------------+------+-------+-------+
|     1 | CLK/CLK_CVT/CLK_i/clk_wiz_0/inst/clkin1_ibufg | CLK/CLK_CVT/CLK_i/clk_wiz_0/inst/clk_in1_CLK_clk_wiz_0_0 |    1 |     1 |   yes |
+-------+-----------------------------------------------+----------------------------------------------------------+------+-------+-------+


7. Clock Regions : Key Resource Utilization
-------------------------------------------

+-------------------+--------------+--------------+--------------+--------------+--------------+--------------+--------------+--------------+--------------+--------------+--------------+--------------+--------------+--------------+--------------+
|                   | Global Clock |     BUFRs    |    BUFMRs    |    BUFIOs    |     MMCM     |      PLL     |      GT      |      PCI     |    ILOGIC    |    OLOGIC    |      FF      |     LUTM     |    RAMB18    |    RAMB36    |    DSP48E1   |
+-------------------+------+-------+------+-------+------+-------+------+-------+------+-------+------+-------+------+-------+------+-------+------+-------+------+-------+------+-------+------+-------+------+-------+------+-------+------+-------+
| Clock Region Name | Used | Avail | Used | Avail | Used | Avail | Used | Avail | Used | Avail | Used | Avail | Used | Avail | Used | Avail | Used | Avail | Used | Avail | Used | Avail | Used | Avail | Used | Avail | Used | Avail | Used | Avail |
+-------------------+------+-------+------+-------+------+-------+------+-------+------+-------+------+-------+------+-------+------+-------+------+-------+------+-------+------+-------+------+-------+------+-------+------+-------+------+-------+
| X0Y0              |    3 |    12 |    0 |     4 |    0 |     2 |    0 |     4 |    0 |     1 |    1 |     1 |    0 |     0 |    0 |     0 |    0 |    50 |    0 |    50 |   58 | 20000 |    1 |  4000 |    0 |    60 |   28 |    30 |    0 |    60 |
| X1Y0              |    2 |    12 |    0 |     4 |    0 |     2 |    0 |     4 |    0 |     1 |    0 |     1 |    0 |     0 |    0 |     0 |    0 |    50 |    0 |    50 |  166 | 25600 |    3 |  3400 |    0 |    60 |   30 |    30 |    0 |    40 |
| X0Y1              |    1 |    12 |    0 |     0 |    0 |     0 |    0 |     0 |    0 |     0 |    0 |     0 |    0 |     0 |    0 |     0 |    0 |     0 |    0 |     0 |   33 |  9600 |    0 |  1600 |    1 |    20 |    8 |    10 |    0 |    20 |
| X1Y1              |    1 |    12 |    0 |     4 |    0 |     2 |    0 |     4 |    0 |     1 |    0 |     1 |    0 |     0 |    0 |     0 |    0 |    50 |    0 |    50 |    0 | 20800 |    0 |  3400 |    1 |    60 |   29 |    30 |    0 |    40 |
| X0Y2              |    0 |    12 |    0 |     0 |    0 |     0 |    0 |     0 |    0 |     0 |    0 |     0 |    0 |     0 |    0 |     0 |    0 |     0 |    0 |     0 |    0 |  9600 |    0 |  1600 |    0 |    20 |    0 |    10 |    0 |    20 |
| X1Y2              |    1 |    12 |    0 |     4 |    0 |     2 |    0 |     4 |    0 |     1 |    0 |     1 |    0 |     0 |    0 |     0 |    0 |    50 |    0 |    50 |    0 | 20800 |    0 |  3400 |    0 |    60 |    8 |    30 |    0 |    40 |
+-------------------+------+-------+------+-------+------+-------+------+-------+------+-------+------+-------+------+-------+------+-------+------+-------+------+-------+------+-------+------+-------+------+-------+------+-------+------+-------+
* RAMB36 site can be used as two RAMB18/FIFO18 sites.


8. Net wise resources used in clock region X0Y0
-----------------------------------------------

+-------------+-------------+-------+-----------+----------+---------+-----------+---------+---------+-----+-------+----------+---------------------------------------------------------------+
| Source Type | BUFHCE Site | Fixed | MMCM Pins | PLL Pins | GT Pins | BRAM Pins | ILOGICs | OLOGICs | FFs | LUTMs | DSP48E1s |                         Clock Net Name                        |
+-------------+-------------+-------+-----------+----------+---------+-----------+---------+---------+-----+-------+----------+---------------------------------------------------------------+
| BUFG        | BUFHCE_X0Y0 |   no  |         0 |        1 |       0 |         0 |       0 |       0 |   0 |     0 |        0 | CLK/CLK_CVT/CLK_i/clk_wiz_0/inst/clkfbout_buf_CLK_clk_wiz_0_0 |
| BUFG        | BUFHCE_X0Y8 |   no  |         0 |        0 |       0 |         0 |       0 |       0 |  18 |     0 |        0 | OV7670_PCLK_IBUF_BUFG                                         |
| BUFG        | BUFHCE_X0Y9 |   no  |         0 |        0 |       0 |        56 |       0 |       0 |  40 |     1 |        0 | CLK/CLK_CVT/CLK_i/clk_wiz_0/inst/clk_out1                     |
+-------------+-------------+-------+-----------+----------+---------+-----------+---------+---------+-----+-------+----------+---------------------------------------------------------------+


9. Net wise resources used in clock region X1Y0
-----------------------------------------------

+-------------+-------------+-------+-----------+----------+---------+-----------+---------+---------+-----+-------+----------+-------------------------------------------+
| Source Type | BUFHCE Site | Fixed | MMCM Pins | PLL Pins | GT Pins | BRAM Pins | ILOGICs | OLOGICs | FFs | LUTMs | DSP48E1s |               Clock Net Name              |
+-------------+-------------+-------+-----------+----------+---------+-----------+---------+---------+-----+-------+----------+-------------------------------------------+
| BUFG        | BUFHCE_X1Y8 |   no  |         0 |        0 |       0 |         0 |       0 |       0 |  23 |     0 |        0 | OV7670_PCLK_IBUF_BUFG                     |
| BUFG        | BUFHCE_X1Y9 |   no  |         0 |        0 |       0 |        60 |       0 |       0 | 143 |     3 |        0 | CLK/CLK_CVT/CLK_i/clk_wiz_0/inst/clk_out1 |
+-------------+-------------+-------+-----------+----------+---------+-----------+---------+---------+-----+-------+----------+-------------------------------------------+


10. Net wise resources used in clock region X0Y1
------------------------------------------------

+-------------+--------------+-------+-----------+----------+---------+-----------+---------+---------+-----+-------+----------+-------------------------------------------+
| Source Type | BUFHCE Site  | Fixed | MMCM Pins | PLL Pins | GT Pins | BRAM Pins | ILOGICs | OLOGICs | FFs | LUTMs | DSP48E1s |               Clock Net Name              |
+-------------+--------------+-------+-----------+----------+---------+-----------+---------+---------+-----+-------+----------+-------------------------------------------+
| BUFG        | BUFHCE_X0Y20 |   no  |         0 |        0 |       0 |        17 |       0 |       0 |  33 |     0 |        0 | CLK/CLK_CVT/CLK_i/clk_wiz_0/inst/clk_out1 |
+-------------+--------------+-------+-----------+----------+---------+-----------+---------+---------+-----+-------+----------+-------------------------------------------+


11. Net wise resources used in clock region X1Y1
------------------------------------------------

+-------------+--------------+-------+-----------+----------+---------+-----------+---------+---------+-----+-------+----------+-------------------------------------------+
| Source Type | BUFHCE Site  | Fixed | MMCM Pins | PLL Pins | GT Pins | BRAM Pins | ILOGICs | OLOGICs | FFs | LUTMs | DSP48E1s |               Clock Net Name              |
+-------------+--------------+-------+-----------+----------+---------+-----------+---------+---------+-----+-------+----------+-------------------------------------------+
| BUFG        | BUFHCE_X1Y20 |   no  |         0 |        0 |       0 |        60 |       0 |       0 |   0 |     0 |        0 | CLK/CLK_CVT/CLK_i/clk_wiz_0/inst/clk_out1 |
+-------------+--------------+-------+-----------+----------+---------+-----------+---------+---------+-----+-------+----------+-------------------------------------------+


12. Net wise resources used in clock region X1Y2
------------------------------------------------

+-------------+--------------+-------+-----------+----------+---------+-----------+---------+---------+-----+-------+----------+-------------------------------------------+
| Source Type | BUFHCE Site  | Fixed | MMCM Pins | PLL Pins | GT Pins | BRAM Pins | ILOGICs | OLOGICs | FFs | LUTMs | DSP48E1s |               Clock Net Name              |
+-------------+--------------+-------+-----------+----------+---------+-----------+---------+---------+-----+-------+----------+-------------------------------------------+
| BUFG        | BUFHCE_X1Y32 |   no  |         0 |        0 |       0 |        16 |       0 |       0 |   0 |     0 |        0 | CLK/CLK_CVT/CLK_i/clk_wiz_0/inst/clk_out1 |
+-------------+--------------+-------+-----------+----------+---------+-----------+---------+---------+-----+-------+----------+-------------------------------------------+



# Location of BUFG Primitives 
set_property LOC BUFGCTRL_X0Y0 [get_cells CLK/CLK_CVT/CLK_i/clk_wiz_0/inst/clkout1_buf]
set_property LOC BUFGCTRL_X0Y2 [get_cells CLK/CLK_CVT/CLK_i/clk_wiz_0/inst/clkf_buf]
set_property LOC BUFGCTRL_X0Y1 [get_cells OV7670_PCLK_IBUF_BUFG_inst]

# Location of IO Clock Primitives

# Location of MMCM Clock Primitives

# Location of BUFH Clock Primitives

# Location of BUFR Clock Primitives

# Location of BUFMR Clock Primitives

# Location of PLL Clock Primitives
set_property LOC PLLE2_ADV_X0Y0 [get_cells CLK/CLK_CVT/CLK_i/clk_wiz_0/inst/plle2_adv_inst]

# Location of IO Primitives which is load of clock spine
set_property LOC IOB_X0Y44 [get_cells OV7670_XCLK_OBUF_inst]

# Location of clock ports
set_property LOC IOB_X0Y26 [get_ports CLK100M]
set_property LOC IOB_X0Y43 [get_ports OV7670_PCLK]

# Clock net "CLK/CLK_CVT/CLK_i/clk_wiz_0/inst/clk_out1" driven by instance "CLK/CLK_CVT/CLK_i/clk_wiz_0/inst/clkout1_buf" located at site "BUFGCTRL_X0Y0"
#startgroup
create_pblock {CLKAG_CLK/CLK_CVT/CLK_i/clk_wiz_0/inst/clk_out1}
add_cells_to_pblock [get_pblocks  {CLKAG_CLK/CLK_CVT/CLK_i/clk_wiz_0/inst/clk_out1}] [get_cells -filter { PRIMITIVE_GROUP != I/O && IS_PRIMITIVE==1 && PRIMITIVE_LEVEL !=INTERNAL && NAME!=OV7670_XCLK_OBUF_inst} -of_object [get_pins -filter {DIRECTION==IN} -of_objects [get_nets -hierarchical -filter {PARENT=="CLK/CLK_CVT/CLK_i/clk_wiz_0/inst/clk_out1"}]]]
resize_pblock [get_pblocks {CLKAG_CLK/CLK_CVT/CLK_i/clk_wiz_0/inst/clk_out1}] -add {CLOCKREGION_X0Y0:CLOCKREGION_X0Y0 CLOCKREGION_X0Y1:CLOCKREGION_X0Y1 CLOCKREGION_X1Y0:CLOCKREGION_X1Y0 CLOCKREGION_X1Y1:CLOCKREGION_X1Y1 CLOCKREGION_X1Y2:CLOCKREGION_X1Y2}
#endgroup

# Clock net "OV7670_PCLK_IBUF_BUFG" driven by instance "OV7670_PCLK_IBUF_BUFG_inst" located at site "BUFGCTRL_X0Y1"
#startgroup
create_pblock {CLKAG_OV7670_PCLK_IBUF_BUFG}
add_cells_to_pblock [get_pblocks  {CLKAG_OV7670_PCLK_IBUF_BUFG}] [get_cells -filter { PRIMITIVE_GROUP != I/O && IS_PRIMITIVE==1 && PRIMITIVE_LEVEL !=INTERNAL } -of_object [get_pins -filter {DIRECTION==IN} -of_objects [get_nets -hierarchical -filter {PARENT=="OV7670_PCLK_IBUF_BUFG"}]]]
resize_pblock [get_pblocks {CLKAG_OV7670_PCLK_IBUF_BUFG}] -add {CLOCKREGION_X0Y0:CLOCKREGION_X0Y0 CLOCKREGION_X1Y0:CLOCKREGION_X1Y0}
#endgroup
