
*** Running vivado
    with args -log OV7670_VGA_TOP.vdi -applog -m64 -messageDb vivado.pb -mode batch -source OV7670_VGA_TOP.tcl -notrace


****** Vivado v2015.4 (64-bit)
  **** SW Build 1412921 on Wed Nov 18 09:43:45 MST 2015
  **** IP Build 1412160 on Tue Nov 17 13:47:24 MST 2015
    ** Copyright 1986-2015 Xilinx, Inc. All Rights Reserved.

source OV7670_VGA_TOP.tcl -notrace
Design is defaulting to srcset: sources_1
Design is defaulting to constrset: constrs_1
INFO: [Netlist 29-17] Analyzing 151 Unisim elements for replacement
INFO: [Netlist 29-28] Unisim Transformation completed in 0 CPU seconds
INFO: [Project 1-479] Netlist was created with Vivado 2015.4
INFO: [Device 21-403] Loading part xc7z020clg484-1
INFO: [Project 1-570] Preparing netlist for logic optimization
Parsing XDC File [e:/OV7670_VGA/project_1/project_1.srcs/sources_1/bd/CLK/ip/CLK_clk_wiz_0_0/CLK_clk_wiz_0_0_board.xdc] for cell 'CLK/CLK_CVT/CLK_i/clk_wiz_0/inst'
Finished Parsing XDC File [e:/OV7670_VGA/project_1/project_1.srcs/sources_1/bd/CLK/ip/CLK_clk_wiz_0_0/CLK_clk_wiz_0_0_board.xdc] for cell 'CLK/CLK_CVT/CLK_i/clk_wiz_0/inst'
Parsing XDC File [e:/OV7670_VGA/project_1/project_1.srcs/sources_1/bd/CLK/ip/CLK_clk_wiz_0_0/CLK_clk_wiz_0_0.xdc] for cell 'CLK/CLK_CVT/CLK_i/clk_wiz_0/inst'
INFO: [Timing 38-35] Done setting XDC timing constraints. [e:/OV7670_VGA/project_1/project_1.srcs/sources_1/bd/CLK/ip/CLK_clk_wiz_0_0/CLK_clk_wiz_0_0.xdc:56]
INFO: [Timing 38-2] Deriving generated clocks [e:/OV7670_VGA/project_1/project_1.srcs/sources_1/bd/CLK/ip/CLK_clk_wiz_0_0/CLK_clk_wiz_0_0.xdc:56]
get_clocks: Time (s): cpu = 00:00:09 ; elapsed = 00:00:09 . Memory (MB): peak = 985.441 ; gain = 484.430
Finished Parsing XDC File [e:/OV7670_VGA/project_1/project_1.srcs/sources_1/bd/CLK/ip/CLK_clk_wiz_0_0/CLK_clk_wiz_0_0.xdc] for cell 'CLK/CLK_CVT/CLK_i/clk_wiz_0/inst'
Parsing XDC File [E:/OV7670_VGA/project_1/project_1.srcs/constrs_1/new/pinset.xdc]
Finished Parsing XDC File [E:/OV7670_VGA/project_1/project_1.srcs/constrs_1/new/pinset.xdc]
INFO: [Opt 31-138] Pushed 0 inverter(s) to 0 load pin(s).
INFO: [Project 1-111] Unisim Transformation Summary:
  A total of 1 instances were transformed.
  IOBUF => IOBUF (IBUF, OBUFT): 1 instances

link_design: Time (s): cpu = 00:00:13 ; elapsed = 00:00:13 . Memory (MB): peak = 985.457 ; gain = 769.215
Command: opt_design
Attempting to get a license for feature 'Implementation' and/or device 'xc7z020'
INFO: [Common 17-349] Got license for feature 'Implementation' and/or device 'xc7z020'
INFO: [Common 17-1223] The version limit for your license is '2016.06' and will expire in -122 days. A version limit expiration means that, although you may be able to continue to use the current version of tools or IP with this license, you will not be eligible for any updates or new releases.
Running DRC as a precondition to command opt_design

Starting DRC Task
INFO: [DRC 23-27] Running DRC with 2 threads
INFO: [Project 1-461] DRC finished with 0 Errors
INFO: [Project 1-462] Please refer to the DRC report (report_drc) for more information.

Time (s): cpu = 00:00:00 ; elapsed = 00:00:00.075 . Memory (MB): peak = 985.457 ; gain = 0.000
INFO: [Timing 38-35] Done setting XDC timing constraints.

Starting Logic Optimization Task
Implement Debug Cores | Checksum: 25bfe1a42

Phase 1 Retarget
INFO: [Opt 31-138] Pushed 0 inverter(s) to 0 load pin(s).
INFO: [Opt 31-49] Retargeted 0 cell(s).
Phase 1 Retarget | Checksum: 22d49004b

Time (s): cpu = 00:00:00 ; elapsed = 00:00:00.200 . Memory (MB): peak = 991.383 ; gain = 0.000

Phase 2 Constant Propagation
INFO: [Opt 31-138] Pushed 0 inverter(s) to 0 load pin(s).
INFO: [Opt 31-10] Eliminated 12 cells.
Phase 2 Constant Propagation | Checksum: 271697d41

Time (s): cpu = 00:00:01 ; elapsed = 00:00:00.330 . Memory (MB): peak = 991.383 ; gain = 0.000

Phase 3 Sweep
INFO: [Opt 31-12] Eliminated 133 unconnected nets.
INFO: [Opt 31-11] Eliminated 2 unconnected cells.
Phase 3 Sweep | Checksum: 1680e82ff

Time (s): cpu = 00:00:01 ; elapsed = 00:00:00.541 . Memory (MB): peak = 991.383 ; gain = 0.000

Starting Connectivity Check Task

Time (s): cpu = 00:00:00 ; elapsed = 00:00:00.003 . Memory (MB): peak = 991.383 ; gain = 0.000
Ending Logic Optimization Task | Checksum: 1680e82ff

Time (s): cpu = 00:00:01 ; elapsed = 00:00:00.564 . Memory (MB): peak = 991.383 ; gain = 0.000

Starting Power Optimization Task
INFO: [Pwropt 34-132] Skipping clock gating for clocks with a period < 2.00 ns.
INFO: [Timing 38-35] Done setting XDC timing constraints.
Running Vector-less Activity Propagation...

Finished Running Vector-less Activity Propagation
INFO: [Pwropt 34-9] Applying IDT optimizations ...
INFO: [Pwropt 34-10] Applying ODC optimizations ...


Starting PowerOpt Patch Enables Task
INFO: [Pwropt 34-162] WRITE_MODE attribute of 0 BRAM(s) out of a total of 105 has been updated to save power. Run report_power_opt to get a complete listing of the BRAMs updated.
INFO: [Pwropt 34-201] Structural ODC has moved 0 WE to EN ports
Number of BRAM Ports augmented: 116 newly gated: 105 Total Ports: 210
Number of Flops added for Enable Generation: 4

Ending PowerOpt Patch Enables Task | Checksum: 244eb1b34

Time (s): cpu = 00:00:00 ; elapsed = 00:00:00.166 . Memory (MB): peak = 1280.254 ; gain = 0.000
Ending Power Optimization Task | Checksum: 244eb1b34

Time (s): cpu = 00:00:11 ; elapsed = 00:00:11 . Memory (MB): peak = 1280.254 ; gain = 288.871
INFO: [Common 17-83] Releasing license: Implementation
28 Infos, 0 Warnings, 0 Critical Warnings and 0 Errors encountered.
opt_design completed successfully
opt_design: Time (s): cpu = 00:00:12 ; elapsed = 00:00:12 . Memory (MB): peak = 1280.254 ; gain = 294.797
Writing placer database...
Writing XDEF routing.
Writing XDEF routing logical nets.
Writing XDEF routing special nets.
Write XDEF Complete: Time (s): cpu = 00:00:01 ; elapsed = 00:00:00.035 . Memory (MB): peak = 1280.254 ; gain = 0.000
INFO: [DRC 23-27] Running DRC with 2 threads
INFO: [Coretcl 2-168] The results of DRC are in file E:/OV7670_VGA/project_1/project_1.runs/impl_1/OV7670_VGA_TOP_drc_opted.rpt.
Command: place_design
Attempting to get a license for feature 'Implementation' and/or device 'xc7z020'
INFO: [Common 17-349] Got license for feature 'Implementation' and/or device 'xc7z020'
INFO: [Common 17-1223] The version limit for your license is '2016.06' and will expire in -122 days. A version limit expiration means that, although you may be able to continue to use the current version of tools or IP with this license, you will not be eligible for any updates or new releases.
INFO: [DRC 23-27] Running DRC with 2 threads
INFO: [Vivado_Tcl 4-198] DRC finished with 0 Errors
INFO: [Vivado_Tcl 4-199] Please refer to the DRC report (report_drc) for more information.
Running DRC as a precondition to command place_design
INFO: [DRC 23-27] Running DRC with 2 threads
INFO: [Vivado_Tcl 4-198] DRC finished with 0 Errors
INFO: [Vivado_Tcl 4-199] Please refer to the DRC report (report_drc) for more information.

Starting Placer Task
INFO: [Place 30-611] Multithreading enabled for place_design using a maximum of 2 CPUs

Phase 1 Placer Initialization
Netlist sorting complete. Time (s): cpu = 00:00:00 ; elapsed = 00:00:00.028 . Memory (MB): peak = 1280.254 ; gain = 0.000
INFO: [Timing 38-35] Done setting XDC timing constraints.
INFO: [Opt 31-138] Pushed 0 inverter(s) to 0 load pin(s).
Netlist sorting complete. Time (s): cpu = 00:00:00 ; elapsed = 00:00:00.013 . Memory (MB): peak = 1280.254 ; gain = 0.000

Phase 1.1 IO Placement/ Clock Placement/ Build Placer Device

Phase 1.1.1 Pre-Place Cells
Phase 1.1.1 Pre-Place Cells | Checksum: e9b501c7

Time (s): cpu = 00:00:00 ; elapsed = 00:00:00.416 . Memory (MB): peak = 1280.254 ; gain = 0.000
INFO: [Timing 38-35] Done setting XDC timing constraints.

Phase 1.1.2 IO and Clk Clean Up
WARNING: [Place 30-574] Poor placement for routing between an IO pin and BUFG. This is normally an ERROR but the CLOCK_DEDICATED_ROUTE constraint is set to FALSE allowing your design to continue. The use of this override is highly discouraged as it may lead to very poor timing results. It is recommended that this error condition be corrected in the design.

	OV7670_PCLK_IBUF_inst (IBUF.O) is locked to IOB_X0Y43
	OV7670_PCLK_IBUF_BUFG_inst (BUFG.I) is provisionally placed by clockplacer on BUFGCTRL_X0Y1
Resolution: Poor placement of an IO pin and a BUFG has resulted in the router using a non-dedicated path between the two.  There are several things that could trigger this DRC, each of which can cause unpredictable clock insertion delays that result in poor timing.  This DRC could be caused by any of the following: (a) a clock port was placed on a pin that is not a CCIO-pin (b)the BUFG has not been placed in the same half of the device or SLR as the CCIO-pin (c) a single ended clock has been placed on the N-Side of a differential pair CCIO-pin.
Phase 1.1.2 IO and Clk Clean Up | Checksum: e9b501c7

Time (s): cpu = 00:00:01 ; elapsed = 00:00:01 . Memory (MB): peak = 1280.254 ; gain = 0.000

Phase 1.1.3 Implementation Feasibility check On IDelay
Phase 1.1.3 Implementation Feasibility check On IDelay | Checksum: e9b501c7

Time (s): cpu = 00:00:01 ; elapsed = 00:00:01 . Memory (MB): peak = 1280.254 ; gain = 0.000

Phase 1.1.4 Commit IO Placement
Phase 1.1.4 Commit IO Placement | Checksum: 1210a03b

Time (s): cpu = 00:00:01 ; elapsed = 00:00:01 . Memory (MB): peak = 1280.254 ; gain = 0.000
Phase 1.1 IO Placement/ Clock Placement/ Build Placer Device | Checksum: c1580150

Time (s): cpu = 00:00:01 ; elapsed = 00:00:01 . Memory (MB): peak = 1280.254 ; gain = 0.000

Phase 1.2 Build Placer Netlist Model

Phase 1.2.1 Place Init Design

Phase 1.2.1.1 Init Lut Pin Assignment
Phase 1.2.1.1 Init Lut Pin Assignment | Checksum: 189eba166

Time (s): cpu = 00:00:01 ; elapsed = 00:00:01 . Memory (MB): peak = 1280.254 ; gain = 0.000
Phase 1.2.1 Place Init Design | Checksum: 11e2de6f4

Time (s): cpu = 00:00:02 ; elapsed = 00:00:02 . Memory (MB): peak = 1280.254 ; gain = 0.000
Phase 1.2 Build Placer Netlist Model | Checksum: 11e2de6f4

Time (s): cpu = 00:00:02 ; elapsed = 00:00:02 . Memory (MB): peak = 1280.254 ; gain = 0.000

Phase 1.3 Constrain Clocks/Macros

Phase 1.3.1 Constrain Global/Regional Clocks
Phase 1.3.1 Constrain Global/Regional Clocks | Checksum: 11e2de6f4

Time (s): cpu = 00:00:02 ; elapsed = 00:00:02 . Memory (MB): peak = 1280.254 ; gain = 0.000
Phase 1.3 Constrain Clocks/Macros | Checksum: 11e2de6f4

Time (s): cpu = 00:00:02 ; elapsed = 00:00:02 . Memory (MB): peak = 1280.254 ; gain = 0.000
Phase 1 Placer Initialization | Checksum: 11e2de6f4

Time (s): cpu = 00:00:02 ; elapsed = 00:00:02 . Memory (MB): peak = 1280.254 ; gain = 0.000

Phase 2 Global Placement
Phase 2 Global Placement | Checksum: 1653cb2b4

Time (s): cpu = 00:00:06 ; elapsed = 00:00:03 . Memory (MB): peak = 1280.254 ; gain = 0.000

Phase 3 Detail Placement

Phase 3.1 Commit Multi Column Macros
Phase 3.1 Commit Multi Column Macros | Checksum: 1653cb2b4

Time (s): cpu = 00:00:06 ; elapsed = 00:00:03 . Memory (MB): peak = 1280.254 ; gain = 0.000

Phase 3.2 Commit Most Macros & LUTRAMs
Phase 3.2 Commit Most Macros & LUTRAMs | Checksum: 21600ede4

Time (s): cpu = 00:00:07 ; elapsed = 00:00:04 . Memory (MB): peak = 1280.254 ; gain = 0.000

Phase 3.3 Area Swap Optimization
Phase 3.3 Area Swap Optimization | Checksum: 15c6db94c

Time (s): cpu = 00:00:07 ; elapsed = 00:00:04 . Memory (MB): peak = 1280.254 ; gain = 0.000

Phase 3.4 updateClock Trees: DP
Phase 3.4 updateClock Trees: DP | Checksum: 15c6db94c

Time (s): cpu = 00:00:07 ; elapsed = 00:00:04 . Memory (MB): peak = 1280.254 ; gain = 0.000

Phase 3.5 Timing Path Optimizer
Phase 3.5 Timing Path Optimizer | Checksum: 1c12724cb

Time (s): cpu = 00:00:07 ; elapsed = 00:00:04 . Memory (MB): peak = 1280.254 ; gain = 0.000

Phase 3.6 Fast Optimization
Phase 3.6 Fast Optimization | Checksum: 1c12724cb

Time (s): cpu = 00:00:07 ; elapsed = 00:00:04 . Memory (MB): peak = 1280.254 ; gain = 0.000

Phase 3.7 Small Shape Detail Placement

Phase 3.7.1 Commit Small Macros and Core Logic

Phase 3.7.1.1 Commit Slice Clusters
Phase 3.7.1.1 Commit Slice Clusters | Checksum: 174f80e70

Time (s): cpu = 00:00:07 ; elapsed = 00:00:04 . Memory (MB): peak = 1280.254 ; gain = 0.000
Phase 3.7.1 Commit Small Macros and Core Logic | Checksum: 174f80e70

Time (s): cpu = 00:00:07 ; elapsed = 00:00:04 . Memory (MB): peak = 1280.254 ; gain = 0.000

Phase 3.7.2 Clock Restriction Legalization for Leaf Columns
Phase 3.7.2 Clock Restriction Legalization for Leaf Columns | Checksum: 174f80e70

Time (s): cpu = 00:00:07 ; elapsed = 00:00:04 . Memory (MB): peak = 1280.254 ; gain = 0.000

Phase 3.7.3 Clock Restriction Legalization for Non-Clock Pins
Phase 3.7.3 Clock Restriction Legalization for Non-Clock Pins | Checksum: 174f80e70

Time (s): cpu = 00:00:07 ; elapsed = 00:00:04 . Memory (MB): peak = 1280.254 ; gain = 0.000
Phase 3.7 Small Shape Detail Placement | Checksum: 174f80e70

Time (s): cpu = 00:00:07 ; elapsed = 00:00:05 . Memory (MB): peak = 1280.254 ; gain = 0.000

Phase 3.8 Re-assign LUT pins
Phase 3.8 Re-assign LUT pins | Checksum: 240fe6a5b

Time (s): cpu = 00:00:07 ; elapsed = 00:00:05 . Memory (MB): peak = 1280.254 ; gain = 0.000
Phase 3 Detail Placement | Checksum: 240fe6a5b

Time (s): cpu = 00:00:07 ; elapsed = 00:00:05 . Memory (MB): peak = 1280.254 ; gain = 0.000

Phase 4 Post Placement Optimization and Clean-Up

Phase 4.1 Post Commit Optimization

Phase 4.1.1 callUpdateTimingBeforePCO
Phase 4.1.1 callUpdateTimingBeforePCO | Checksum: 21323f730

Time (s): cpu = 00:00:08 ; elapsed = 00:00:05 . Memory (MB): peak = 1280.254 ; gain = 0.000

Phase 4.1.2 updateClock Trees: PCOPT
Phase 4.1.2 updateClock Trees: PCOPT | Checksum: 21323f730

Time (s): cpu = 00:00:08 ; elapsed = 00:00:05 . Memory (MB): peak = 1280.254 ; gain = 0.000

Phase 4.1.3 Post Placement Optimization

Phase 4.1.3.1 PCOPT Shape updates

Phase 4.1.3.1.1 removeOptionalFFsFromShapes
Phase 4.1.3.1.1 removeOptionalFFsFromShapes | Checksum: 21323f730

Time (s): cpu = 00:00:08 ; elapsed = 00:00:05 . Memory (MB): peak = 1280.254 ; gain = 0.000

Phase 4.1.3.1.2 deleteLutnmShapes

Phase 4.1.3.1.2.1 deleteShapes
Phase 4.1.3.1.2.1 deleteShapes | Checksum: 28a4e2f48

Time (s): cpu = 00:00:08 ; elapsed = 00:00:05 . Memory (MB): peak = 1280.254 ; gain = 0.000
Phase 4.1.3.1.2 deleteLutnmShapes | Checksum: 28a4e2f48

Time (s): cpu = 00:00:08 ; elapsed = 00:00:05 . Memory (MB): peak = 1280.254 ; gain = 0.000
Phase 4.1.3.1 PCOPT Shape updates | Checksum: 28a4e2f48

Time (s): cpu = 00:00:08 ; elapsed = 00:00:05 . Memory (MB): peak = 1280.254 ; gain = 0.000

Phase 4.1.3.2 Post Placement Timing Optimization
INFO: [Place 30-746] Post Placement Timing Summary WNS=32.343. For the most accurate timing information please run report_timing.
Phase 4.1.3.2 Post Placement Timing Optimization | Checksum: 21c6d838b

Time (s): cpu = 00:00:08 ; elapsed = 00:00:05 . Memory (MB): peak = 1280.254 ; gain = 0.000
Phase 4.1.3 Post Placement Optimization | Checksum: 21c6d838b

Time (s): cpu = 00:00:08 ; elapsed = 00:00:05 . Memory (MB): peak = 1280.254 ; gain = 0.000
Phase 4.1 Post Commit Optimization | Checksum: 21c6d838b

Time (s): cpu = 00:00:08 ; elapsed = 00:00:05 . Memory (MB): peak = 1280.254 ; gain = 0.000

Phase 4.2 Sweep Clock Roots: Post-Placement
Phase 4.2 Sweep Clock Roots: Post-Placement | Checksum: 21c6d838b

Time (s): cpu = 00:00:08 ; elapsed = 00:00:05 . Memory (MB): peak = 1280.254 ; gain = 0.000

Phase 4.3 Post Placement Cleanup
Phase 4.3 Post Placement Cleanup | Checksum: 21c6d838b

Time (s): cpu = 00:00:09 ; elapsed = 00:00:05 . Memory (MB): peak = 1280.254 ; gain = 0.000

Phase 4.4 Placer Reporting

Phase 4.4.1 Restore STA
Phase 4.4.1 Restore STA | Checksum: 21c6d838b

Time (s): cpu = 00:00:09 ; elapsed = 00:00:05 . Memory (MB): peak = 1280.254 ; gain = 0.000
Phase 4.4 Placer Reporting | Checksum: 21c6d838b

Time (s): cpu = 00:00:09 ; elapsed = 00:00:05 . Memory (MB): peak = 1280.254 ; gain = 0.000

Phase 4.5 Final Placement Cleanup
Phase 4.5 Final Placement Cleanup | Checksum: 1f3871d86

Time (s): cpu = 00:00:09 ; elapsed = 00:00:05 . Memory (MB): peak = 1280.254 ; gain = 0.000
Phase 4 Post Placement Optimization and Clean-Up | Checksum: 1f3871d86

Time (s): cpu = 00:00:09 ; elapsed = 00:00:05 . Memory (MB): peak = 1280.254 ; gain = 0.000
Ending Placer Task | Checksum: 1d0bebc4f

Time (s): cpu = 00:00:09 ; elapsed = 00:00:05 . Memory (MB): peak = 1280.254 ; gain = 0.000
INFO: [Common 17-83] Releasing license: Implementation
44 Infos, 1 Warnings, 0 Critical Warnings and 0 Errors encountered.
place_design completed successfully
place_design: Time (s): cpu = 00:00:10 ; elapsed = 00:00:06 . Memory (MB): peak = 1280.254 ; gain = 0.000
Writing placer database...
Writing XDEF routing.
Writing XDEF routing logical nets.
Writing XDEF routing special nets.
Write XDEF Complete: Time (s): cpu = 00:00:00 ; elapsed = 00:00:00.197 . Memory (MB): peak = 1280.254 ; gain = 0.000
report_io: Time (s): cpu = 00:00:00 ; elapsed = 00:00:00.043 . Memory (MB): peak = 1280.254 ; gain = 0.000
report_utilization: Time (s): cpu = 00:00:00 ; elapsed = 00:00:00.017 . Memory (MB): peak = 1280.254 ; gain = 0.000
report_control_sets: Time (s): cpu = 00:00:00 ; elapsed = 00:00:00.002 . Memory (MB): peak = 1280.254 ; gain = 0.000
Command: route_design
Attempting to get a license for feature 'Implementation' and/or device 'xc7z020'
INFO: [Common 17-349] Got license for feature 'Implementation' and/or device 'xc7z020'
INFO: [Common 17-1223] The version limit for your license is '2016.06' and will expire in -122 days. A version limit expiration means that, although you may be able to continue to use the current version of tools or IP with this license, you will not be eligible for any updates or new releases.
Running DRC as a precondition to command route_design
INFO: [DRC 23-27] Running DRC with 2 threads
WARNING: [DRC 23-20] Rule violation (PLCK-12) Clock Placer Checks - Poor placement for routing between an IO pin and BUFG. 
Resolution: Poor placement of an IO pin and a BUFG has resulted in the router using a non-dedicated path between the two.  There are several things that could trigger this DRC, each of which can cause unpredictable clock insertion delays that result in poor timing.  This DRC could be caused by any of the following: (a) a clock port was placed on a pin that is not a CCIO-pin (b)the BUFG has not been placed in the same half of the device or SLR as the CCIO-pin (c) a single ended clock has been placed on the N-Side of a differential pair CCIO-pin.
This is normally an ERROR but the CLOCK_DEDICATED_ROUTE constraint is set to FALSE allowing your design to continue. The use of this override is highly discouraged as it may lead to very poor timing results. It is recommended that this error condition be corrected in the design.

	OV7670_PCLK_IBUF_inst (IBUF.O) is locked to W10
	OV7670_PCLK_IBUF_BUFG_inst (BUFG.I) is provisionally placed by clockplacer on BUFGCTRL_X0Y1

INFO: [Vivado_Tcl 4-198] DRC finished with 0 Errors, 1 Warnings
INFO: [Vivado_Tcl 4-199] Please refer to the DRC report (report_drc) for more information.


Starting Routing Task
INFO: [Route 35-254] Multithreading enabled for route_design using a maximum of 2 CPUs
Checksum: PlaceDB: fb2b3de2 ConstDB: 0 ShapeSum: d5937e6d RouteDB: 0

Phase 1 Build RT Design
Phase 1 Build RT Design | Checksum: 14e8bb4ad

Time (s): cpu = 00:00:22 ; elapsed = 00:00:19 . Memory (MB): peak = 1280.254 ; gain = 0.000

Phase 2 Router Initialization

Phase 2.1 Create Timer
Phase 2.1 Create Timer | Checksum: 14e8bb4ad

Time (s): cpu = 00:00:22 ; elapsed = 00:00:19 . Memory (MB): peak = 1280.254 ; gain = 0.000

Phase 2.2 Pre Route Cleanup
Phase 2.2 Pre Route Cleanup | Checksum: 14e8bb4ad

Time (s): cpu = 00:00:22 ; elapsed = 00:00:19 . Memory (MB): peak = 1280.254 ; gain = 0.000
 Number of Nodes with overlaps = 0

Phase 2.3 Update Timing
Phase 2.3 Update Timing | Checksum: 1583e09a8

Time (s): cpu = 00:00:24 ; elapsed = 00:00:20 . Memory (MB): peak = 1280.254 ; gain = 0.000
INFO: [Route 35-416] Intermediate Timing Summary | WNS=32.340 | TNS=0.000  | WHS=-0.168 | THS=-4.641 |

Phase 2 Router Initialization | Checksum: 13182631c

Time (s): cpu = 00:00:24 ; elapsed = 00:00:21 . Memory (MB): peak = 1280.254 ; gain = 0.000

Phase 3 Initial Routing
Phase 3 Initial Routing | Checksum: 1a470262d

Time (s): cpu = 00:00:27 ; elapsed = 00:00:22 . Memory (MB): peak = 1280.254 ; gain = 0.000

Phase 4 Rip-up And Reroute

Phase 4.1 Global Iteration 0
 Number of Nodes with overlaps = 68
 Number of Nodes with overlaps = 0

Phase 4.1.1 Update Timing
Phase 4.1.1 Update Timing | Checksum: 16dad81ae

Time (s): cpu = 00:00:29 ; elapsed = 00:00:23 . Memory (MB): peak = 1280.254 ; gain = 0.000
INFO: [Route 35-416] Intermediate Timing Summary | WNS=24.382 | TNS=0.000  | WHS=N/A    | THS=N/A    |

Phase 4.1 Global Iteration 0 | Checksum: 202442874

Time (s): cpu = 00:00:29 ; elapsed = 00:00:23 . Memory (MB): peak = 1280.254 ; gain = 0.000
Phase 4 Rip-up And Reroute | Checksum: 202442874

Time (s): cpu = 00:00:29 ; elapsed = 00:00:23 . Memory (MB): peak = 1280.254 ; gain = 0.000

Phase 5 Delay and Skew Optimization

Phase 5.1 Delay CleanUp

Phase 5.1.1 Update Timing
Phase 5.1.1 Update Timing | Checksum: 1f69ff46a

Time (s): cpu = 00:00:29 ; elapsed = 00:00:23 . Memory (MB): peak = 1280.254 ; gain = 0.000
INFO: [Route 35-416] Intermediate Timing Summary | WNS=24.396 | TNS=0.000  | WHS=N/A    | THS=N/A    |

Phase 5.1 Delay CleanUp | Checksum: 1f69ff46a

Time (s): cpu = 00:00:29 ; elapsed = 00:00:23 . Memory (MB): peak = 1280.254 ; gain = 0.000

Phase 5.2 Clock Skew Optimization
Phase 5.2 Clock Skew Optimization | Checksum: 1f69ff46a

Time (s): cpu = 00:00:29 ; elapsed = 00:00:23 . Memory (MB): peak = 1280.254 ; gain = 0.000
Phase 5 Delay and Skew Optimization | Checksum: 1f69ff46a

Time (s): cpu = 00:00:29 ; elapsed = 00:00:23 . Memory (MB): peak = 1280.254 ; gain = 0.000

Phase 6 Post Hold Fix

Phase 6.1 Update Timing
Phase 6.1 Update Timing | Checksum: 187f0c0f9

Time (s): cpu = 00:00:29 ; elapsed = 00:00:23 . Memory (MB): peak = 1280.254 ; gain = 0.000
INFO: [Route 35-416] Intermediate Timing Summary | WNS=24.396 | TNS=0.000  | WHS=0.053  | THS=0.000  |

Phase 6 Post Hold Fix | Checksum: 219406b40

Time (s): cpu = 00:00:29 ; elapsed = 00:00:23 . Memory (MB): peak = 1280.254 ; gain = 0.000

Phase 7 Route finalize

Router Utilization Summary
  Global Vertical Routing Utilization    = 1.32287 %
  Global Horizontal Routing Utilization  = 1.15576 %
  Routable Net Status*
  *Does not include unroutable nets such as driverless and loadless.
  Run report_route_status for detailed report.
  Number of Failed Nets               = 0
  Number of Unrouted Nets             = 0
  Number of Partially Routed Nets     = 0
  Number of Node Overlaps             = 0

Phase 7 Route finalize | Checksum: 1ffadab10

Time (s): cpu = 00:00:29 ; elapsed = 00:00:23 . Memory (MB): peak = 1280.254 ; gain = 0.000

Phase 8 Verifying routed nets

 Verification completed successfully
Phase 8 Verifying routed nets | Checksum: 1ffadab10

Time (s): cpu = 00:00:29 ; elapsed = 00:00:23 . Memory (MB): peak = 1280.254 ; gain = 0.000

Phase 9 Depositing Routes
Phase 9 Depositing Routes | Checksum: 275a7b53f

Time (s): cpu = 00:00:29 ; elapsed = 00:00:24 . Memory (MB): peak = 1280.254 ; gain = 0.000

Phase 10 Post Router Timing
INFO: [Route 35-57] Estimated Timing Summary | WNS=24.396 | TNS=0.000  | WHS=0.053  | THS=0.000  |

INFO: [Route 35-327] The final timing numbers are based on the router estimated timing analysis. For a complete and accurate timing signoff, please run report_timing_summary.
Phase 10 Post Router Timing | Checksum: 275a7b53f

Time (s): cpu = 00:00:29 ; elapsed = 00:00:24 . Memory (MB): peak = 1280.254 ; gain = 0.000
INFO: [Route 35-16] Router Completed Successfully

Time (s): cpu = 00:00:29 ; elapsed = 00:00:24 . Memory (MB): peak = 1280.254 ; gain = 0.000

Routing Is Done.
INFO: [Common 17-83] Releasing license: Implementation
58 Infos, 2 Warnings, 0 Critical Warnings and 0 Errors encountered.
route_design completed successfully
route_design: Time (s): cpu = 00:00:29 ; elapsed = 00:00:24 . Memory (MB): peak = 1280.254 ; gain = 0.000
Writing placer database...
Writing XDEF routing.
Writing XDEF routing logical nets.
Writing XDEF routing special nets.
Write XDEF Complete: Time (s): cpu = 00:00:00 ; elapsed = 00:00:00.292 . Memory (MB): peak = 1280.254 ; gain = 0.000
INFO: [DRC 23-27] Running DRC with 2 threads
INFO: [Coretcl 2-168] The results of DRC are in file E:/OV7670_VGA/project_1/project_1.runs/impl_1/OV7670_VGA_TOP_drc_routed.rpt.
INFO: [Timing 38-91] UpdateTimingParams: Speed grade: -1, Delay Type: min_max.
INFO: [Timing 38-191] Multithreading enabled for timing update using a maximum of 2 CPUs
Running Vector-less Activity Propagation...

Finished Running Vector-less Activity Propagation
Attempting to get a license for feature 'Implementation' and/or device 'xc7z020'
INFO: [Common 17-349] Got license for feature 'Implementation' and/or device 'xc7z020'
INFO: [Common 17-1223] The version limit for your license is '2016.06' and will expire in -122 days. A version limit expiration means that, although you may be able to continue to use the current version of tools or IP with this license, you will not be eligible for any updates or new releases.
Running DRC as a precondition to command write_bitstream
INFO: [DRC 23-27] Running DRC with 2 threads
WARNING: [DRC 23-20] Rule violation (ZPS7-1) PS7 block required - The PS7 cell must be used in this Zynq design in order to enable correct default configuration.
INFO: [Vivado 12-3199] DRC finished with 0 Errors, 1 Warnings
INFO: [Vivado 12-3200] Please refer to the DRC report (report_drc) for more information.
Loading data files...
Loading site data...
Loading route data...
Processing options...
Creating bitmap...
Creating bitstream...
Writing bitstream ./OV7670_VGA_TOP.bit...
INFO: [Vivado 12-1842] Bitgen Completed Successfully.
INFO: [Project 1-118] WebTalk data collection is enabled (User setting is ON. Install Setting is ON.).
INFO: [Common 17-83] Releasing license: Implementation
write_bitstream: Time (s): cpu = 00:00:23 ; elapsed = 00:00:26 . Memory (MB): peak = 1486.727 ; gain = 206.473
INFO: [Common 17-206] Exiting Vivado at Sun Oct 30 00:34:23 2016...
