#-----------------------------------------------------------
# Vivado v2015.4.2 (64-bit)
# SW Build 1494164 on Fri Feb 26 04:18:56 MST 2016
# IP Build 1491208 on Wed Feb 24 03:25:39 MST 2016
# Start of session at: Sat Oct 29 22:39:13 2016
# Process ID: 5704
# Current directory: H:/ext_sp/ov7670采集以及显示系统详解以及实现/ov7670采集以及显示系统详解以及实现/5,VIVADO下建立项目并实现设计/OV7670_VGA/project_1
# Command line: vivado.exe -gui_launcher_event rodinguilauncherevent812 H:\ext_sp\ov7670采集以及显示系统详解以及实现\ov7670采集以及显示系统详解以及实现\5,VIVADO下建立项目并实现设计\OV7670_VGA\project_1\project_1.xpr
# Log file: H:/ext_sp/ov7670采集以及显示系统详解以及实现/ov7670采集以及显示系统详解以及实现/5,VIVADO下建立项目并实现设计/OV7670_VGA/project_1/vivado.log
# Journal file: H:/ext_sp/ov7670采集以及显示系统详解以及实现/ov7670采集以及显示系统详解以及实现/5,VIVADO下建立项目并实现设计/OV7670_VGA/project_1\vivado.jou
#-----------------------------------------------------------
start_gui
open_project H:/ext_sp/ov7670采集以及显示系统详解以及实现/ov7670采集以及显示系统详解以及实现/5,VIVADO下建立项目并实现设计/OV7670_VGA/project_1/project_1.xpr
INFO: [ProjectBase 1-489] The host OS only allows 260 characters in a normal path. The project is stored in a path with more than 80 characters. If you experience issues with IP, Block Designs, or files not being found, please consider moving the project to a location with a shorter path. Alternately consider using the OS subst command to map part of the path to a drive letter.
Current project path is 'H:/ext_sp/ov7670采集以及显示系统详解以及实现/ov7670采集以及显示系统详解以及实现/5,VIVADO下建立项目并实现设计/OV7670_VGA/project_1'
INFO: [Project 1-313] Project file moved from 'C:/sccb_vga/project_1' since last save.
Scanning sources...
Finished scanning sources
INFO: [IP_Flow 19-234] Refreshing IP repositories
INFO: [IP_Flow 19-1704] No user IP repositories specified
INFO: [IP_Flow 19-2313] Loaded Vivado IP repository 'E:/Xilinx/Vivado/2015.4/data/ip'.
open_project: Time (s): cpu = 00:00:14 ; elapsed = 00:00:14 . Memory (MB): peak = 708.672 ; gain = 107.000
