#-----------------------------------------------------------
# Vivado v2015.4 (64-bit)
# SW Build 1412921 on Wed Nov 18 09:43:45 MST 2015
# IP Build 1412160 on Tue Nov 17 13:47:24 MST 2015
# Start of session at: Sat Oct 29 22:33:31 2016
# Process ID: 7908
# Current directory: E:/OV7670_VGA/project_1
# Command line: vivado.exe -gui_launcher_event rodinguilauncherevent10236 E:\OV7670_VGA\project_1\project_1.xpr
# Log file: E:/OV7670_VGA/project_1/vivado.log
# Journal file: E:/OV7670_VGA/project_1\vivado.jou
#-----------------------------------------------------------
start_gui
open_project E:/OV7670_VGA/project_1/project_1.xpr
INFO: [Project 1-313] Project file moved from 'H:/ext_sp/ov7670采集以及显示系统详解以及实现/ov7670采集以及显示系统详解以及实现/5,VIVADO下建立项目并实现设计/OV7670_VGA/project_1' since last save.
Scanning sources...
Finished scanning sources
INFO: [IP_Flow 19-234] Refreshing IP repositories
INFO: [IP_Flow 19-1704] No user IP repositories specified
INFO: [IP_Flow 19-2313] Loaded Vivado IP repository 'D:/Xilinx20154/Vivado/2015.4/data/ip'.
exit
INFO: [Common 17-206] Exiting Vivado at Sat Oct 29 22:33:52 2016...
